<?xml version="1.0" encoding="UTF-8"?>
<testng-results ignored="0" total="2" passed="2" failed="0" skipped="0">
  <reporter-output>
  </reporter-output>
  <suite started-at="2023-04-13T21:04:42 IST" name="Default suite" finished-at="2023-04-13T21:04:48 IST" duration-ms="5944">
    <groups>
    </groups>
    <test started-at="2023-04-13T21:04:42 IST" name="Default test" finished-at="2023-04-13T21:04:48 IST" duration-ms="5944">
      <class name="tests.logintest">
        <test-method is-config="true" signature="driverInitilization()[pri:0, instance:tests.logintest@44c03695]" started-at="2023-04-13T21:04:41 IST" name="driverInitilization" finished-at="2023-04-13T21:04:42 IST" duration-ms="1439" status="PASS">
          <reporter-output>
          </reporter-output>
        </test-method> <!-- driverInitilization -->
        <test-method signature="invalidlogintest()[pri:0, instance:tests.logintest@44c03695]" started-at="2023-04-13T21:04:42 IST" name="invalidlogintest" description="verify mandatory login with empty login email" finished-at="2023-04-13T21:04:47 IST" duration-ms="4832" status="PASS">
          <reporter-output>
          </reporter-output>
        </test-method> <!-- invalidlogintest -->
        <test-method signature="loginTest()[pri:0, instance:tests.logintest@44c03695]" started-at="2023-04-13T21:04:47 IST" name="loginTest" description="verify login test" finished-at="2023-04-13T21:04:48 IST" duration-ms="1039" status="PASS">
          <reporter-output>
          </reporter-output>
        </test-method> <!-- loginTest -->
      </class> <!-- tests.logintest -->
    </test> <!-- Default test -->
  </suite> <!-- Default suite -->
</testng-results>
